<?xml version="1.0" encoding="UTF-8"?>
<!-- Generated by org.testng.reporters.JUnitReportReporter -->
<testsuite hostname="DESKTOP-SHFQC7C" failures="0" tests="2" name="manisample.Program1" time="0.039" errors="0" timestamp="20 Jul 2022 17:23:50 GMT">
  <testcase classname="manisample.Program1" name="democycle" time="0.002"/>
  <testcase classname="manisample.Program1" name="demo" time="0.037"/>
</testsuite> <!-- manisample.Program1 -->
