<?xml version="1.0" encoding="UTF-8"?>
<!-- Generated by org.testng.reporters.JUnitReportReporter -->
<testsuite hostname="DESKTOP-SHFQC7C" failures="0" tests="2" name="manisample.Program1" time="0.020" errors="0" timestamp="21 Jul 2022 17:14:56 GMT">
  <testcase classname="manisample.Program1" name="democycle" time="0.004"/>
  <testcase classname="manisample.Program1" name="demo" time="0.016"/>
</testsuite> <!-- manisample.Program1 -->
