<?xml version="1.0" encoding="UTF-8"?>
<!-- Generated by org.testng.reporters.JUnitReportReporter -->
<testsuite hostname="ManiTheertham" failures="0" tests="1" name="manisample.ProgramTest2" time="0.025" errors="0" timestamp="22 Jul 2022 14:33:46 GMT">
  <testcase classname="manisample.ProgramTest2" name="democyclenewyork" time="0.025"/>
</testsuite> <!-- manisample.ProgramTest2 -->
