<?xml version="1.0" encoding="UTF-8"?>
<!-- Generated by org.testng.reporters.JUnitReportReporter -->
<testsuite hostname="ManiTheertham" failures="0" tests="2" name="manisample2.Program2Test" time="0.009" errors="0" timestamp="22 Jul 2022 14:33:46 GMT">
  <testcase classname="manisample2.Program2Test" name="democycle" time="0.003"/>
  <testcase classname="manisample2.Program2Test" name="demo" time="0.006"/>
</testsuite> <!-- manisample2.Program2Test -->
