<?xml version="1.0" encoding="UTF-8"?>
<!-- Generated by org.testng.reporters.JUnitReportReporter -->
<testsuite hostname="ManiTheertham" failures="0" tests="2" name="manisample.Program1Test" time="0.020" errors="0" timestamp="22 Jul 2022 14:33:46 GMT">
  <testcase classname="manisample.Program1Test" name="demo" time="0.003"/>
  <testcase classname="manisample.Program1Test" name="democycle" time="0.017"/>
</testsuite> <!-- manisample.Program1Test -->
