<?xml version="1.0" encoding="UTF-8"?>
<!-- Generated by org.testng.reporters.JUnitReportReporter -->
<testsuite hostname="ManiTheertham" failures="0" tests="1" name="manisample2.ProgramTest4" time="0.008" errors="0" timestamp="22 Jul 2022 14:33:46 GMT">
  <testcase classname="manisample2.ProgramTest4" name="democyclenewyork" time="0.008"/>
</testsuite> <!-- manisample2.ProgramTest4 -->
